This is pdfTeX, Version 3.141592653-2.6-1.40.24 (MiKTeX 22.1) (preloaded format=pdflatex 2022.3.3)  14 APR 2022 11:54
entering extended mode
 restricted \write18 enabled.
 file:line:error style messages enabled.
 %&-line parsing enabled.
**d:/Schule/Diplo/ASUQZ/DA_oebb_trinkl_tischler/asuqz_thesis/thesis.tex
(d:/Schule/Diplo/ASUQZ/DA_oebb_trinkl_tischler/asuqz_thesis/thesis.tex
LaTeX2e <2021-11-15> patch level 1
L3 programming layer <2022-02-21> (header.tex (C:\Users\fabia\AppData\Local\Programs\MiKTeX\tex/latex/koma-script\scrreprt.cls
Document Class: scrreprt 2021/11/13 v3.35 KOMA-Script document class (report)
(C:\Users\fabia\AppData\Local\Programs\MiKTeX\tex/latex/koma-script\scrkbase.sty
Package: scrkbase 2021/11/13 v3.35 KOMA-Script package (KOMA-Script-dependent basics and keyval usage)
 (C:\Users\fabia\AppData\Local\Programs\MiKTeX\tex/latex/koma-script\scrbase.sty
Package: scrbase 2021/11/13 v3.35 KOMA-Script package (KOMA-Script-independent basics and keyval usage)
 (C:\Users\fabia\AppData\Local\Programs\MiKTeX\tex/latex/koma-script\scrlfile.sty
Package: scrlfile 2021/11/13 v3.35 KOMA-Script package (file load hooks)
 (C:\Users\fabia\AppData\Local\Programs\MiKTeX\tex/latex/koma-script\scrlfile-hook.sty
Package: scrlfile-hook 2021/11/13 v3.35 KOMA-Script package (using LaTeX hooks)
 (C:\Users\fabia\AppData\Local\Programs\MiKTeX\tex/latex/koma-script\scrlogo.sty
Package: scrlogo 2021/11/13 v3.35 KOMA-Script package (logo)
))) (C:\Users\fabia\AppData\Local\Programs\MiKTeX\tex/latex/graphics\keyval.sty
Package: keyval 2014/10/28 v1.15 key=value parser (DPC)
\KV@toks@=\toks16
)
Applying: [2021/05/01] Usage of raw or classic option list on input line 252.
Already applied: [0000/00/00] Usage of raw or classic option list on input line 368.
)) (C:\Users\fabia\AppData\Local\Programs\MiKTeX\tex/latex/koma-script\tocbasic.sty
Package: tocbasic 2021/11/13 v3.35 KOMA-Script package (handling toc-files)
\scr@dte@tocline@numberwidth=\skip47
\scr@dte@tocline@numbox=\box50
)
Package tocbasic Info: babel extension for `toc' omitted
(tocbasic)             because of missing \bbl@set@language on input line 137.
Package scrreprt Info: You've used standard option `12pt'.
(scrreprt)             This is correct!
(scrreprt)             Internally I'm using `fontsize=12pt'.
(scrreprt)             If you'd like to set the option with \KOMAoptions,
(scrreprt)             you'd have to use `fontsize=12pt' there
(scrreprt)             instead of `12pt', too.
Class scrreprt Info: File `scrsize12pt.clo' used to setup font sizes on input line 2487.
 (C:\Users\fabia\AppData\Local\Programs\MiKTeX\tex/latex/koma-script\scrsize12pt.clo
File: scrsize12pt.clo 2021/11/13 v3.35 KOMA-Script font size class option (12pt)
) (C:\Users\fabia\AppData\Local\Programs\MiKTeX\tex/latex/koma-script\typearea.sty
Package: typearea 2021/11/13 v3.35 KOMA-Script package (type area)
\ta@bcor=\skip48
\ta@div=\count185
Package typearea Info: You've used standard option `a4paper'.
(typearea)             This is correct!
(typearea)             Internally I'm using `paper=a4'.
(typearea)             If you'd like to set the option with \KOMAoptions,
(typearea)             you'd have to use `paper=a4' there
(typearea)             instead of `a4paper', too.
\ta@hblk=\skip49
\ta@vblk=\skip50
\ta@temp=\skip51
\footheight=\skip52
Package typearea Info: These are the values describing the layout:
(typearea)             DIV  = 12
(typearea)             BCOR = 0.0pt
(typearea)             \paperwidth      = 597.50793pt
(typearea)              \textwidth      = 448.13095pt
(typearea)              DIV departure   = -6%
(typearea)              \evensidemargin = 2.4185pt
(typearea)              \oddsidemargin  = 2.4185pt
(typearea)             \paperheight     = 845.04694pt
(typearea)              \textheight     = 635.5pt
(typearea)              \topmargin      = -41.72441pt
(typearea)              \headheight     = 18.125pt
(typearea)              \headsep        = 21.75pt
(typearea)              \topskip        = 12.0pt
(typearea)              \footskip       = 50.75pt
(typearea)              \baselineskip   = 14.5pt
(typearea)              on input line 1743.
)
\c@part=\count186
\c@chapter=\count187
\c@section=\count188
\c@subsection=\count189
\c@subsubsection=\count190
\c@paragraph=\count191
\c@subparagraph=\count192
\scr@dte@chapter@maxnumwidth=\skip53
Class scrreprt Info: using compatibility default `afterindent=bysign'
(scrreprt)           for `\chapter on input line 5717.
\scr@dte@section@maxnumwidth=\skip54
Class scrreprt Info: using compatibility default `runin=bysign'
(scrreprt)           for `\section on input line 5728.
Class scrreprt Info: using compatibility default `afterindent=bysign'
(scrreprt)           for `\section on input line 5728.
\scr@dte@part@maxnumwidth=\skip55
Class scrreprt Info: using compatibility default `afterindent=true'
(scrreprt)           for `\part on input line 5737.
\scr@dte@subsection@maxnumwidth=\skip56
Class scrreprt Info: using compatibility default `runin=bysign'
(scrreprt)           for `\subsection on input line 5747.
Class scrreprt Info: using compatibility default `afterindent=bysign'
(scrreprt)           for `\subsection on input line 5747.
\scr@dte@subsubsection@maxnumwidth=\skip57
Class scrreprt Info: using compatibility default `runin=bysign'
(scrreprt)           for `\subsubsection on input line 5757.
Class scrreprt Info: using compatibility default `afterindent=bysign'
(scrreprt)           for `\subsubsection on input line 5757.
\scr@dte@paragraph@maxnumwidth=\skip58
Class scrreprt Info: using compatibility default `runin=bysign'
(scrreprt)           for `\paragraph on input line 5768.
Class scrreprt Info: using compatibility default `afterindent=bysign'
(scrreprt)           for `\paragraph on input line 5768.
\scr@dte@subparagraph@maxnumwidth=\skip59
Class scrreprt Info: using compatibility default `runin=bysign'
(scrreprt)           for `\subparagraph on input line 5778.
Class scrreprt Info: using compatibility default `afterindent=bysign'
(scrreprt)           for `\subparagraph on input line 5778.
\abovecaptionskip=\skip60
\belowcaptionskip=\skip61
\c@pti@nb@sid@b@x=\box51
Package tocbasic Info: babel extension for `lof' omitted
(tocbasic)             because of missing \bbl@set@language on input line 6958.
\scr@dte@figure@maxnumwidth=\skip62
\c@figure=\count193
Package tocbasic Info: babel extension for `lot' omitted
(tocbasic)             because of missing \bbl@set@language on input line 6974.
\scr@dte@table@maxnumwidth=\skip63
\c@table=\count194
Class scrreprt Info: Redefining `\numberline' on input line 7142.
\bibindent=\dimen138
)

LaTeX Info: File `thesis.xmpdata' already exists on the system.
            Not generating it from this source.

(C:\Users\fabia\AppData\Local\Programs\MiKTeX\tex/latex/base\inputenc.sty
Package: inputenc 2021/02/14 v1.3d Input encoding file
\inpenc@prehook=\toks17
\inpenc@posthook=\toks18
) (C:\Users\fabia\AppData\Local\Programs\MiKTeX\tex/latex/base\fontenc.sty
Package: fontenc 2021/04/29 v2.0v Standard LaTeX package
) (C:\Users\fabia\AppData\Local\Programs\MiKTeX\tex/latex/amsmath\amsmath.sty
Package: amsmath 2021/10/15 v2.17l AMS math features
\@mathmargin=\skip64

For additional information on amsmath, use the `?' option.
(C:\Users\fabia\AppData\Local\Programs\MiKTeX\tex/latex/amsmath\amstext.sty
Package: amstext 2021/08/26 v2.01 AMS text
 (C:\Users\fabia\AppData\Local\Programs\MiKTeX\tex/latex/amsmath\amsgen.sty
File: amsgen.sty 1999/11/30 v2.0 generic functions
\@emptytoks=\toks19
\ex@=\dimen139
)) (C:\Users\fabia\AppData\Local\Programs\MiKTeX\tex/latex/amsmath\amsbsy.sty
Package: amsbsy 1999/11/29 v1.2d Bold Symbols
\pmbraise@=\dimen140
) (C:\Users\fabia\AppData\Local\Programs\MiKTeX\tex/latex/amsmath\amsopn.sty
Package: amsopn 2021/08/26 v2.02 operator names
)
\inf@bad=\count195
LaTeX Info: Redefining \frac on input line 234.
\uproot@=\count196
\leftroot@=\count197
LaTeX Info: Redefining \overline on input line 399.
\classnum@=\count198
\DOTSCASE@=\count199
LaTeX Info: Redefining \ldots on input line 496.
LaTeX Info: Redefining \dots on input line 499.
LaTeX Info: Redefining \cdots on input line 620.
\Mathstrutbox@=\box52
\strutbox@=\box53
\big@size=\dimen141
LaTeX Font Info:    Redeclaring font encoding OML on input line 743.
LaTeX Font Info:    Redeclaring font encoding OMS on input line 744.
\macc@depth=\count266
\c@MaxMatrixCols=\count267
\dotsspace@=\muskip16
\c@parentequation=\count268
\dspbrk@lvl=\count269
\tag@help=\toks20
\row@=\count270
\column@=\count271
\maxfields@=\count272
\andhelp@=\toks21
\eqnshift@=\dimen142
\alignsep@=\dimen143
\tagshift@=\dimen144
\tagwidth@=\dimen145
\totwidth@=\dimen146
\lineht@=\dimen147
\@envbody=\toks22
\multlinegap=\skip65
\multlinetaggap=\skip66
\mathdisplay@stack=\toks23
LaTeX Info: Redefining \[ on input line 2938.
LaTeX Info: Redefining \] on input line 2939.
) (C:\Users\fabia\AppData\Local\Programs\MiKTeX\tex/latex/amsfonts\amsfonts.sty
Package: amsfonts 2013/01/14 v3.01 Basic AMSFonts support
\symAMSa=\mathgroup4
\symAMSb=\mathgroup5
LaTeX Font Info:    Redeclaring math symbol \hbar on input line 98.
LaTeX Font Info:    Overwriting math alphabet `\mathfrak' in version `bold'
(Font)                  U/euf/m/n --> U/euf/b/n on input line 106.
) (C:\Users\fabia\AppData\Local\Programs\MiKTeX\tex/latex/amsfonts\amssymb.sty
Package: amssymb 2013/01/14 v3.01 AMS font symbols
) (C:\Users\fabia\AppData\Local\Programs\MiKTeX\tex/latex/xcolor\xcolor.sty
Package: xcolor 2021/10/31 v2.13 LaTeX color extensions (UK)
 (C:\Users\fabia\AppData\Local\Programs\MiKTeX\tex/latex/graphics-cfg\color.cfg
File: color.cfg 2016/01/02 v1.6 sample color configuration
)
Package xcolor Info: Driver file: pdftex.def on input line 227.
 (C:\Users\fabia\AppData\Local\Programs\MiKTeX\tex/latex/graphics-def\pdftex.def
File: pdftex.def 2020/10/05 v1.2a Graphics/color driver for pdftex
) (C:\Users\fabia\AppData\Local\Programs\MiKTeX\tex/latex/colortbl\colortbl.sty
Package: colortbl 2020/01/04 v1.0e Color table columns (DPC)
 (C:\Users\fabia\AppData\Local\Programs\MiKTeX\tex/latex/tools\array.sty
Package: array 2021/10/04 v2.5f Tabular extension package (FMi)
\col@sep=\dimen148
\ar@mcellbox=\box54
\extrarowheight=\dimen149
\NC@list=\toks24
\extratabsurround=\skip67
\backup@length=\skip68
\ar@cellbox=\box55
)
\everycr=\toks25
\minrowclearance=\skip69
)
\rownum=\count273
Package xcolor Info: Model `cmy' substituted by `cmy0' on input line 1352.
Package xcolor Info: Model `hsb' substituted by `rgb' on input line 1356.
Package xcolor Info: Model `RGB' extended on input line 1368.
Package xcolor Info: Model `HTML' substituted by `rgb' on input line 1370.
Package xcolor Info: Model `Hsb' substituted by `hsb' on input line 1371.
Package xcolor Info: Model `tHsb' substituted by `hsb' on input line 1372.
Package xcolor Info: Model `HSB' substituted by `hsb' on input line 1373.
Package xcolor Info: Model `Gray' substituted by `gray' on input line 1374.
Package xcolor Info: Model `wave' substituted by `hsb' on input line 1375.
) (C:\Users\fabia\AppData\Local\Programs\MiKTeX\tex/latex/graphics\graphicx.sty
Package: graphicx 2021/09/16 v1.2d Enhanced LaTeX Graphics (DPC,SPQR)
 (C:\Users\fabia\AppData\Local\Programs\MiKTeX\tex/latex/graphics\graphics.sty
Package: graphics 2021/03/04 v1.4d Standard LaTeX Graphics (DPC,SPQR)
 (C:\Users\fabia\AppData\Local\Programs\MiKTeX\tex/latex/graphics\trig.sty
Package: trig 2021/08/11 v1.11 sin cos tan (DPC)
) (C:\Users\fabia\AppData\Local\Programs\MiKTeX\tex/latex/graphics-cfg\graphics.cfg
File: graphics.cfg 2016/06/04 v1.11 sample graphics configuration
)
Package graphics Info: Driver file: pdftex.def on input line 107.
)
\Gin@req@height=\dimen150
\Gin@req@width=\dimen151
) (C:\Users\fabia\AppData\Local\Programs\MiKTeX\tex/latex/geometry\geometry.sty
Package: geometry 2020/01/02 v5.9 Page Geometry
 (C:\Users\fabia\AppData\Local\Programs\MiKTeX\tex/generic/iftex\ifvtex.sty
Package: ifvtex 2019/10/25 v1.7 ifvtex legacy package. Use iftex instead.
 (C:\Users\fabia\AppData\Local\Programs\MiKTeX\tex/generic/iftex\iftex.sty
Package: iftex 2022/02/03 v1.0f TeX engine tests
))
\Gm@cnth=\count274
\Gm@cntv=\count275
\c@Gm@tempcnt=\count276
\Gm@bindingoffset=\dimen152
\Gm@wd@mp=\dimen153
\Gm@odd@mp=\dimen154
\Gm@even@mp=\dimen155
\Gm@layoutwidth=\dimen156
\Gm@layoutheight=\dimen157
\Gm@layouthoffset=\dimen158
\Gm@layoutvoffset=\dimen159
\Gm@dimlist=\toks26
 (C:\Users\fabia\AppData\Local\Programs\MiKTeX\tex/latex/geometry\geometry.cfg)) (C:\Users\fabia\AppData\Local\Programs\MiKTeX\tex/latex/footmisc\footmisc.sty
Package: footmisc 2022/02/14 v6.0b a miscellany of footnote facilities
\FN@temptoken=\toks27
\footnotemargin=\dimen160
\@outputbox@depth=\dimen161
Package footmisc Info: Declaring symbol style bringhurst on input line 686.
Package footmisc Info: Declaring symbol style chicago on input line 694.
Package footmisc Info: Declaring symbol style wiley on input line 703.
Package footmisc Info: Declaring symbol style lamport-robust on input line 714.
Package footmisc Info: Declaring symbol style lamport* on input line 734.
Package footmisc Info: Declaring symbol style lamport*-robust on input line 755.
) (C:\Users\fabia\AppData\Local\Programs\MiKTeX\tex/latex/lm\lmodern.sty
Package: lmodern 2009/10/30 v1.6 Latin Modern Fonts
LaTeX Font Info:    Overwriting symbol font `operators' in version `normal'
(Font)                  OT1/cmr/m/n --> OT1/lmr/m/n on input line 22.
LaTeX Font Info:    Overwriting symbol font `letters' in version `normal'
(Font)                  OML/cmm/m/it --> OML/lmm/m/it on input line 23.
LaTeX Font Info:    Overwriting symbol font `symbols' in version `normal'
(Font)                  OMS/cmsy/m/n --> OMS/lmsy/m/n on input line 24.
LaTeX Font Info:    Overwriting symbol font `largesymbols' in version `normal'
(Font)                  OMX/cmex/m/n --> OMX/lmex/m/n on input line 25.
LaTeX Font Info:    Overwriting symbol font `operators' in version `bold'
(Font)                  OT1/cmr/bx/n --> OT1/lmr/bx/n on input line 26.
LaTeX Font Info:    Overwriting symbol font `letters' in version `bold'
(Font)                  OML/cmm/b/it --> OML/lmm/b/it on input line 27.
LaTeX Font Info:    Overwriting symbol font `symbols' in version `bold'
(Font)                  OMS/cmsy/b/n --> OMS/lmsy/b/n on input line 28.
LaTeX Font Info:    Overwriting symbol font `largesymbols' in version `bold'
(Font)                  OMX/cmex/m/n --> OMX/lmex/m/n on input line 29.
LaTeX Font Info:    Overwriting math alphabet `\mathbf' in version `normal'
(Font)                  OT1/cmr/bx/n --> OT1/lmr/bx/n on input line 31.
LaTeX Font Info:    Overwriting math alphabet `\mathsf' in version `normal'
(Font)                  OT1/cmss/m/n --> OT1/lmss/m/n on input line 32.
LaTeX Font Info:    Overwriting math alphabet `\mathit' in version `normal'
(Font)                  OT1/cmr/m/it --> OT1/lmr/m/it on input line 33.
LaTeX Font Info:    Overwriting math alphabet `\mathtt' in version `normal'
(Font)                  OT1/cmtt/m/n --> OT1/lmtt/m/n on input line 34.
LaTeX Font Info:    Overwriting math alphabet `\mathbf' in version `bold'
(Font)                  OT1/cmr/bx/n --> OT1/lmr/bx/n on input line 35.
LaTeX Font Info:    Overwriting math alphabet `\mathsf' in version `bold'
(Font)                  OT1/cmss/bx/n --> OT1/lmss/bx/n on input line 36.
LaTeX Font Info:    Overwriting math alphabet `\mathit' in version `bold'
(Font)                  OT1/cmr/bx/it --> OT1/lmr/bx/it on input line 37.
LaTeX Font Info:    Overwriting math alphabet `\mathtt' in version `bold'
(Font)                  OT1/cmtt/m/n --> OT1/lmtt/m/n on input line 38.
) (C:\Users\fabia\AppData\Local\Programs\MiKTeX\tex/latex/base\textcomp.sty
Package: textcomp 2020/02/02 v2.0n Standard LaTeX package
) (C:\Users\fabia\AppData\Local\Programs\MiKTeX\tex/latex/pdfpages\pdfpages.sty
Package: pdfpages 2022/01/29 v0.5u Insert pages of external PDF documents (AM)
 (C:\Users\fabia\AppData\Local\Programs\MiKTeX\tex/latex/base\ifthen.sty
Package: ifthen 2020/11/24 v1.1c Standard LaTeX ifthen package (DPC)
) (C:\Users\fabia\AppData\Local\Programs\MiKTeX\tex/latex/tools\calc.sty
Package: calc 2017/05/25 v4.3 Infix arithmetic (KKT,FJ)
\calc@Acount=\count277
\calc@Bcount=\count278
\calc@Adimen=\dimen162
\calc@Bdimen=\dimen163
\calc@Askip=\skip70
\calc@Bskip=\skip71
LaTeX Info: Redefining \setlength on input line 80.
LaTeX Info: Redefining \addtolength on input line 81.
\calc@Ccount=\count279
\calc@Cskip=\skip72
) (C:\Users\fabia\AppData\Local\Programs\MiKTeX\tex/latex/eso-pic\eso-pic.sty
Package: eso-pic 2020/10/14 v3.0a eso-pic (RN)
\ESO@tempdima=\dimen164
\ESO@tempdimb=\dimen165
)
\AM@pagewidth=\dimen166
\AM@pageheight=\dimen167
\AM@fboxrule=\dimen168
 (C:\Users\fabia\AppData\Local\Programs\MiKTeX\tex/latex/pdfpages\pppdftex.def
File: pppdftex.def 2022/01/29 v0.5u Pdfpages driver for pdfTeX (AM)
)
\pdfpages@includegraphics@status=\count280
\AM@pagebox=\box56
\AM@global@opts=\toks28
\AM@pagecnt=\count281
\AM@toc@title=\toks29
\c@AM@survey=\count282
\AM@templatesizebox=\box57
) (C:\Users\fabia\AppData\Local\Programs\MiKTeX\tex/generic/babel\babel.sty
Package: babel 2022/02/13 3.71 The Babel package
\babel@savecnt=\count283
\U@D=\dimen169
\l@unhyphenated=\language79
 (C:\Users\fabia\AppData\Local\Programs\MiKTeX\tex/generic/babel\txtbabel.def)
\bbl@readstream=\read2
\bbl@dirlevel=\count284

*************************************
* Local config file bblopts.cfg used
*
(C:\Users\fabia\AppData\Local\Programs\MiKTeX\tex/latex/arabi\bblopts.cfg
File: bblopts.cfg 2005/09/08 v0.1 add Arabic and Farsi to "declared" options of babel
) (C:\Users\fabia\AppData\Local\Programs\MiKTeX\tex/latex/babel-german\ngerman.ldf
Language: ngerman 2021/02/27 v2.13 German support for babel (post-1996 orthography)
 (C:\Users\fabia\AppData\Local\Programs\MiKTeX\tex/latex/babel-german\ngermanb.ldf
Language: ngermanb 2021/02/27 v2.13 German support for babel (post-1996 orthography)
Package babel Info: Making " an active character on input line 122.
))) (C:\Users\fabia\AppData\Local\Programs\MiKTeX\tex/latex/tools\multicol.sty
Package: multicol 2021/10/28 v1.9b multicolumn formatting (FMi)
\c@tracingmulticols=\count285
\mult@box=\box58
\multicol@leftmargin=\dimen170
\c@unbalance=\count286
\c@collectmore=\count287
\doublecol@number=\count288
\multicoltolerance=\count289
\multicolpretolerance=\count290
\full@width=\dimen171
\page@free=\dimen172
\premulticols=\dimen173
\postmulticols=\dimen174
\multicolsep=\skip73
\multicolbaselineskip=\skip74
\partial@page=\box59
\last@line=\box60
\maxbalancingoverflow=\dimen175
\mult@rightbox=\box61
\mult@grightbox=\box62
\mult@firstbox=\box63
\mult@gfirstbox=\box64
\@tempa=\box65
\@tempa=\box66
\@tempa=\box67
\@tempa=\box68
\@tempa=\box69
\@tempa=\box70
\@tempa=\box71
\@tempa=\box72
\@tempa=\box73
\@tempa=\box74
\@tempa=\box75
\@tempa=\box76
\@tempa=\box77
\@tempa=\box78
\@tempa=\box79
\@tempa=\box80
\@tempa=\box81
\@tempa=\box82
\@tempa=\box83
\@tempa=\box84
\@tempa=\box85
\@tempa=\box86
\@tempa=\box87
\@tempa=\box88
\@tempa=\box89
\@tempa=\box90
\@tempa=\box91
\@tempa=\box92
\@tempa=\box93
\@tempa=\box94
\@tempa=\box95
\@tempa=\box96
\@tempa=\box97
\@tempa=\box98
\@tempa=\box99
\@tempa=\box100
\c@minrows=\count291
\c@columnbadness=\count292
\c@finalcolumnbadness=\count293
\last@try=\dimen176
\multicolovershoot=\dimen177
\multicolundershoot=\dimen178
\mult@nat@firstbox=\box101
\colbreak@box=\box102
\mc@col@check@num=\count294
) (C:\Users\fabia\AppData\Local\Programs\MiKTeX\tex/latex/subfig\subfig.sty
Package: subfig 2005/06/28 ver: 1.3 subfig package
 (C:\Users\fabia\AppData\Local\Programs\MiKTeX\tex/latex/caption\caption.sty
Package: caption 2022/02/20 v3.6 Customizing captions (AR)
 (C:\Users\fabia\AppData\Local\Programs\MiKTeX\tex/latex/caption\caption3.sty
Package: caption3 2022/01/07 v2.3 caption3 kernel (AR)
\caption@tempdima=\dimen179
\captionmargin=\dimen180
\caption@leftmargin=\dimen181
\caption@rightmargin=\dimen182
\caption@width=\dimen183
\caption@indent=\dimen184
\caption@parindent=\dimen185
\caption@hangindent=\dimen186
Package caption Info: KOMA-Script document class detected.
 (C:\Users\fabia\AppData\Local\Programs\MiKTeX\tex/latex/caption\caption-koma.sto
File: caption-koma.sto 2020/09/21 v2.0b Adaption of the caption package to the KOMA-Script document classes (AR)
))
\c@caption@flags=\count295
\c@continuedfloat=\count296
)
\c@KVtest=\count297
\sf@farskip=\skip75
\sf@captopadj=\dimen187
\sf@capskip=\skip76
\sf@nearskip=\skip77
\c@subfigure=\count298
\c@subfigure@save=\count299
\c@lofdepth=\count300
\c@subtable=\count301
\c@subtable@save=\count302
\c@lotdepth=\count303
\sf@top=\skip78
\sf@bottom=\skip79
) (C:\Users\fabia\AppData\Local\Programs\MiKTeX\tex/latex/float\float.sty
Package: float 2001/11/08 v1.3d Float enhancements (AL)
\c@float@type=\count304
\float@exts=\toks30
\float@box=\box103
\@float@everytoks=\toks31
\@floatcapt=\box104
) (C:\Users\fabia\AppData\Local\Programs\MiKTeX\tex/latex/tools\tabularx.sty
Package: tabularx 2020/01/15 v2.11c `tabularx' package (DPC)
\TX@col@width=\dimen188
\TX@old@table=\dimen189
\TX@old@col=\dimen190
\TX@target=\dimen191
\TX@delta=\dimen192
\TX@cols=\count305
\TX@ftn=\toks32
) (C:\Users\fabia\AppData\Local\Programs\MiKTeX\tex/latex/booktabs\booktabs.sty
Package: booktabs 2020/01/12 v1.61803398 Publication quality tables
\heavyrulewidth=\dimen193
\lightrulewidth=\dimen194
\cmidrulewidth=\dimen195
\belowrulesep=\dimen196
\belowbottomsep=\dimen197
\aboverulesep=\dimen198
\abovetopsep=\dimen199
\cmidrulesep=\dimen256
\cmidrulekern=\dimen257
\defaultaddspace=\dimen258
\@cmidla=\count306
\@cmidlb=\count307
\@aboverulesep=\dimen259
\@belowrulesep=\dimen260
\@thisruleclass=\count308
\@lastruleclass=\count309
\@thisrulewidth=\dimen261
) (C:\Users\fabia\AppData\Local\Programs\MiKTeX\tex/latex/ragged2e\ragged2e.sty
Package: ragged2e 2021/12/15 v3.1 ragged2e Package
\CenteringLeftskip=\skip80
\RaggedLeftLeftskip=\skip81
\RaggedRightLeftskip=\skip82
\CenteringRightskip=\skip83
\RaggedLeftRightskip=\skip84
\RaggedRightRightskip=\skip85
\CenteringParfillskip=\skip86
\RaggedLeftParfillskip=\skip87
\RaggedRightParfillskip=\skip88
\JustifyingParfillskip=\skip89
\CenteringParindent=\skip90
\RaggedLeftParindent=\skip91
\RaggedRightParindent=\skip92
\JustifyingParindent=\skip93
) (C:\Users\fabia\AppData\Local\Programs\MiKTeX\tex/latex/lipsum\lipsum.sty (C:\Users\fabia\AppData\Local\Programs\MiKTeX\tex/latex/l3packages/l3keys2e\l3keys2e.sty (C:\Users\fabia\AppData\Local\Programs\MiKTeX\tex/latex/l3kernel\expl3.sty
Package: expl3 2022-02-21 L3 programming layer (loader) 
 (C:\Users\fabia\AppData\Local\Programs\MiKTeX\tex/latex/l3backend\l3backend-pdftex.def
File: l3backend-pdftex.def 2022-02-07 L3 backend support: PDF output (pdfTeX)
\l__color_backend_stack_int=\count310
\l__pdf_internal_box=\box105
))
Package: l3keys2e 2022-01-12 LaTeX2e option processing using LaTeX3 keys
)
Package: lipsum 2021-09-20 v2.7 150 paragraphs of Lorem Ipsum dummy text
\g__lipsum_par_int=\count311
\l__lipsum_a_int=\count312
\l__lipsum_b_int=\count313
 (C:\Users\fabia\AppData\Local\Programs\MiKTeX\tex/latex/lipsum\lipsum.ltd.tex)) (C:\Users\fabia\AppData\Local\Programs\MiKTeX\tex/latex/wrapfig\wrapfig.sty
\wrapoverhang=\dimen262
\WF@size=\dimen263
\c@WF@wrappedlines=\count314
\WF@box=\box106
\WF@everypar=\toks33
Package: wrapfig 2003/01/31  v 3.6
) (C:\Users\fabia\AppData\Local\Programs\MiKTeX\tex/latex/enumitem\enumitem.sty
Package: enumitem 2019/06/20 v3.9 Customized lists
\labelindent=\skip94
\enit@outerparindent=\dimen264
\enit@toks=\toks34
\enit@inbox=\box107
\enit@count@id=\count315
\enitdp@description=\count316
)
\enitdp@compactitem=\count317
\c@compactenumi=\count318
\c@compactenumii=\count319
\c@compactenumiii=\count320
\enitdp@compactenum=\count321
\enitdp@compactdesc=\count322
 (C:\Users\fabia\AppData\Local\Programs\MiKTeX\tex/latex/microtype\microtype.sty
Package: microtype 2021/12/10 v3.0b Micro-typographical refinements (RS)
 (C:\Users\fabia\AppData\Local\Programs\MiKTeX\tex/latex/etoolbox\etoolbox.sty
Package: etoolbox 2020/10/05 v2.5k e-TeX tools for LaTeX (JAW)
\etb@tempcnta=\count323
)
\MT@toks=\toks35
\MT@count=\count324
\MT@tempbox=\box108
LaTeX Info: Redefining \leftprotrusion on input line 1010.
LaTeX Info: Redefining \rightprotrusion on input line 1018.
LaTeX Info: Redefining \textls on input line 1173.
\MT@outer@kern=\dimen265
LaTeX Info: Redefining \textmicrotypecontext on input line 1759.
\MT@listname@count=\count325
 (C:\Users\fabia\AppData\Local\Programs\MiKTeX\tex/latex/microtype\microtype-pdftex.def
File: microtype-pdftex.def 2021/12/10 v3.0b Definitions specific to pdftex (RS)
LaTeX Info: Redefining \lsstyle on input line 897.
LaTeX Info: Redefining \lslig on input line 897.
\MT@outer@space=\skip95
)
Package microtype Info: Loading configuration file microtype.cfg.
 (C:\Users\fabia\AppData\Local\Programs\MiKTeX\tex/latex/microtype\microtype.cfg
File: microtype.cfg 2021/12/10 v3.0b microtype main configuration file (RS)
))

Class scrreprt Warning: Usage of package `parskip' together
(scrreprt)              with a KOMA-Script class is not recommended.
(scrreprt)              I'd suggest to use option
(scrreprt)              `parskip' with one of it's several values.
(scrreprt)              Nevertheless, using requested
(scrreprt)              package `parskip' on input line 49.

(C:\Users\fabia\AppData\Local\Programs\MiKTeX\tex/latex/parskip\parskip.sty
Package: parskip 2021-03-14 v2.0h non-zero parskip adjustments
 (C:\Users\fabia\AppData\Local\Programs\MiKTeX\tex/latex/kvoptions\kvoptions.sty
Package: kvoptions 2020-10-07 v3.14 Key value format for package options (HO)
 (C:\Users\fabia\AppData\Local\Programs\MiKTeX\tex/generic/ltxcmds\ltxcmds.sty
Package: ltxcmds 2020-05-10 v1.25 LaTeX kernel commands for general use (HO)
) (C:\Users\fabia\AppData\Local\Programs\MiKTeX\tex/generic/kvsetkeys\kvsetkeys.sty
Package: kvsetkeys 2019/12/15 v1.18 Key value parser (HO)
))
Couldn't patch \@startsection
) (C:\Users\fabia\AppData\Local\Programs\MiKTeX\tex/latex/listings\listings.sty
\lst@mode=\count326
\lst@gtempboxa=\box109
\lst@token=\toks36
\lst@length=\count327
\lst@currlwidth=\dimen266
\lst@column=\count328
\lst@pos=\count329
\lst@lostspace=\dimen267
\lst@width=\dimen268
\lst@newlines=\count330
\lst@lineno=\count331
\lst@maxwidth=\dimen269
 (C:\Users\fabia\AppData\Local\Programs\MiKTeX\tex/latex/listings\lstmisc.sty
File: lstmisc.sty 2020/03/24 1.8d (Carsten Heinz)
\c@lstnumber=\count332
\lst@skipnumbers=\count333
\lst@framebox=\box110
) (C:\Users\fabia\AppData\Local\Programs\MiKTeX\tex/latex/listings\listings.cfg
File: listings.cfg 2020/03/24 1.8d listings configuration
))
Package: listings 2020/03/24 1.8d (Carsten Heinz)
 (C:\Users\fabia\AppData\Local\Programs\MiKTeX\tex/latex/listings\lstlang1.sty
File: lstlang1.sty 2020/03/24 1.8d listings language file
) (C:\Users\fabia\AppData\Local\Programs\MiKTeX\tex/latex/setspace\setspace.sty
Package: setspace 2011/12/19 v6.7a set line spacing
) (C:\Users\fabia\AppData\Local\Programs\MiKTeX\tex/latex/koma-script\scrlayer-scrpage.sty
Package: scrlayer-scrpage 2021/11/13 v3.35 KOMA-Script package (end user interface for scrlayer)
 (C:\Users\fabia\AppData\Local\Programs\MiKTeX\tex/latex/koma-script\scrlayer.sty
Package: scrlayer 2021/11/13 v3.35 KOMA-Script package (defining layers and page styles)
Package scrlayer Info: Using already defined \footheight
(scrlayer)             hoping, that this is a length and
(scrlayer)             not only a macro on input line 136.
Package scrlayer Info: patching LaTeX kernel macro \pagestyle on input line 2162.
)
Package scrlayer-scrpage Info: Makeing stand-alone element `pagehead' from
(scrlayer-scrpage)             alias to `pageheadfoot' on input line 1085.
Package scrlayer-scrpage Info: deactivating warning for font element
(scrlayer-scrpage)             `pagefoot' on input line 1109.
)
Package scrlayer-scrpage Info: auto-selection of `pagestyleset=KOMA-Script'.

1: section
1: chapter
1: chapter
1: section
1: chapter

Package scrlayer-scrpage Warning: Command deprecated!
(scrlayer-scrpage)                Usage of `\setheadtopline', `\setheadsepline',
(scrlayer-scrpage)                `\setfootsepline', and `\setfootbotline'
(scrlayer-scrpage)                became deprecated with scrlayer-scrpage.
(scrlayer-scrpage)                You should use KOMA-Script options
(scrlayer-scrpage)                `headsepline', `headtopline', `footsepline',
(scrlayer-scrpage)                or `footbotline' with values
(scrlayer-scrpage)                `<line thickness>:<line length>' to setup
(scrlayer-scrpage)                the line length and thickness, and
(scrlayer-scrpage)                `\setkomafont' or `\addtokomafont' to
(scrlayer-scrpage)                setup the colour on input line 135.

(C:\Users\fabia\AppData\Local\Programs\MiKTeX\tex/latex/url\url.sty
\Urlmuskip=\muskip17
Package: url 2013/09/16  ver 3.4  Verb mode for urls, etc.
) (C:\Users\fabia\AppData\Local\Programs\MiKTeX\tex/latex/pdfx\pdfx.sty
Package: pdfx 2019/02/27 v1.6.3 PDF/X and PDF/A support (CVR/HTH/RRM/PS)
\pdfx@minorversion=\count334
 (C:\Users\fabia\AppData\Local\Programs\MiKTeX\tex/generic/iftex\ifpdf.sty
Package: ifpdf 2019/10/25 v3.4 ifpdf legacy package. Use iftex instead.
) (C:\Users\fabia\AppData\Local\Programs\MiKTeX\tex/generic/iftex\ifxetex.sty
Package: ifxetex 2019/10/25 v0.7 ifxetex legacy package. Use iftex instead.
) (C:\Users\fabia\AppData\Local\Programs\MiKTeX\tex/latex/everyshi\everyshi.sty
Package: everyshi 2020/11/18 v4.00 EveryShipout Package
) (C:\Users\fabia\AppData\Local\Programs\MiKTeX\tex/generic/iftex\ifluatex.sty
Package: ifluatex 2019/10/25 v1.5 ifluatex legacy package. Use iftex instead.
){C:/Users/fabia/AppData/Local/MiKTeX/fonts/map/pdftex/pdftex.map} (C:\Users\fabia\AppData\Local\Programs\MiKTeX\tex/latex/pdfx\l8u-penc.def
File: l8u-penc.def 2017/06/23 v0.8 Custom LaTeX file, for UTF8 encoded letters and symbols
LaTeX Info: Composite with undeclared \b in encoding L8U on input line 278.
)
\pdfxsafeforxmp@toks=\toks37
\pdfx@tmptoks=\toks38
 (C:\Users\fabia\AppData\Local\Programs\MiKTeX\tex/latex/hyperref\hyperref.sty
Package: hyperref 2021-06-07 v7.00m Hypertext links for LaTeX
 (C:\Users\fabia\AppData\Local\Programs\MiKTeX\tex/generic/pdftexcmds\pdftexcmds.sty
Package: pdftexcmds 2020-06-27 v0.33 Utility functions of pdfTeX for LuaTeX (HO)
 (C:\Users\fabia\AppData\Local\Programs\MiKTeX\tex/generic/infwarerr\infwarerr.sty
Package: infwarerr 2019/12/03 v1.5 Providing info/warning/error messages (HO)
)
Package pdftexcmds Info: \pdf@primitive is available.
Package pdftexcmds Info: \pdf@ifprimitive is available.
Package pdftexcmds Info: \pdfdraftmode found.
) (C:\Users\fabia\AppData\Local\Programs\MiKTeX\tex/generic/kvdefinekeys\kvdefinekeys.sty
Package: kvdefinekeys 2019-12-19 v1.6 Define keys (HO)
) (C:\Users\fabia\AppData\Local\Programs\MiKTeX\tex/generic/pdfescape\pdfescape.sty
Package: pdfescape 2019/12/09 v1.15 Implements pdfTeX's escape features (HO)
) (C:\Users\fabia\AppData\Local\Programs\MiKTeX\tex/latex/hycolor\hycolor.sty
Package: hycolor 2020-01-27 v1.10 Color options for hyperref/bookmark (HO)
) (C:\Users\fabia\AppData\Local\Programs\MiKTeX\tex/latex/letltxmacro\letltxmacro.sty
Package: letltxmacro 2019/12/03 v1.6 Let assignment for LaTeX macros (HO)
) (C:\Users\fabia\AppData\Local\Programs\MiKTeX\tex/latex/auxhook\auxhook.sty
Package: auxhook 2019-12-17 v1.6 Hooks for auxiliary files (HO)
)
\@linkdim=\dimen270
\Hy@linkcounter=\count335
\Hy@pagecounter=\count336
 (C:\Users\fabia\AppData\Local\Programs\MiKTeX\tex/latex/hyperref\pd1enc.def
File: pd1enc.def 2021-06-07 v7.00m Hyperref: PDFDocEncoding definition (HO)
) (C:\Users\fabia\AppData\Local\Programs\MiKTeX\tex/latex/hyperref\hyperref-langpatches.def
File: hyperref-langpatches.def 2021-06-07 v7.00m Hyperref: patches for babel languages
) (C:\Users\fabia\AppData\Local\Programs\MiKTeX\tex/generic/intcalc\intcalc.sty
Package: intcalc 2019/12/15 v1.3 Expandable calculations with integers (HO)
) (C:\Users\fabia\AppData\Local\Programs\MiKTeX\tex/generic/etexcmds\etexcmds.sty
Package: etexcmds 2019/12/15 v1.7 Avoid name clashes with e-TeX commands (HO)
)
\Hy@SavedSpaceFactor=\count337
 (C:\Users\fabia\AppData\Local\Programs\MiKTeX\tex/latex/hyperref\puenc.def
File: puenc.def 2021-06-07 v7.00m Hyperref: PDF Unicode definition (HO)
)
Package hyperref Info: Option `pdfa' set `true' on input line 4073.
Package hyperref Info: Hyper figures OFF on input line 4192.
Package hyperref Info: Link nesting OFF on input line 4197.
Package hyperref Info: Hyper index ON on input line 4200.
Package hyperref Info: Plain pages OFF on input line 4207.
Package hyperref Info: Backreferencing OFF on input line 4212.
Package hyperref Info: Implicit mode ON; LaTeX internals redefined.
Package hyperref Info: Bookmarks ON on input line 4445.
\c@Hy@tempcnt=\count338
LaTeX Info: Redefining \url on input line 4804.
\XeTeXLinkMargin=\dimen271
 (C:\Users\fabia\AppData\Local\Programs\MiKTeX\tex/generic/bitset\bitset.sty
Package: bitset 2019/12/09 v1.3 Handle bit-vector datatype (HO)
 (C:\Users\fabia\AppData\Local\Programs\MiKTeX\tex/generic/bigintcalc\bigintcalc.sty
Package: bigintcalc 2019/12/15 v1.5 Expandable calculations on big integers (HO)
))
\Fld@menulength=\count339
\Field@Width=\dimen272
\Fld@charsize=\dimen273
Package hyperref Info: Hyper figures OFF on input line 6076.
Package hyperref Info: Link nesting OFF on input line 6081.
Package hyperref Info: Hyper index ON on input line 6084.
Package hyperref Info: backreferencing OFF on input line 6091.
Package hyperref Info: Link coloring OFF on input line 6096.
Package hyperref Info: Link coloring with OCG OFF on input line 6101.
Package hyperref Info: PDF/A mode ON on input line 6104.
LaTeX Info: Redefining \ref on input line 6146.
LaTeX Info: Redefining \pageref on input line 6150.
 (C:\Users\fabia\AppData\Local\Programs\MiKTeX\tex/latex/base\atbegshi-ltx.sty
Package: atbegshi-ltx 2021/01/10 v1.0c Emulation of the original atbegshi
package with kernel methods
)
\Hy@abspage=\count340
\c@Item=\count341
\c@Hfootnote=\count342
)
Package hyperref Info: Driver: hpdftex.
 (C:\Users\fabia\AppData\Local\Programs\MiKTeX\tex/latex/hyperref\hpdftex.def
File: hpdftex.def 2021-06-07 v7.00m Hyperref driver for pdfTeX
 (C:\Users\fabia\AppData\Local\Programs\MiKTeX\tex/latex/base\atveryend-ltx.sty
Package: atveryend-ltx 2020/08/19 v1.0a Emulation of the original atveryend package
with kernel methods
)
\Fld@listcount=\count343
\c@bookmark@seq@number=\count344
 (C:\Users\fabia\AppData\Local\Programs\MiKTeX\tex/latex/rerunfilecheck\rerunfilecheck.sty
Package: rerunfilecheck 2019/12/05 v1.9 Rerun checks for auxiliary files (HO)
 (C:\Users\fabia\AppData\Local\Programs\MiKTeX\tex/generic/uniquecounter\uniquecounter.sty
Package: uniquecounter 2019/12/15 v1.4 Provide unlimited unique counter (HO)
)
Package uniquecounter Info: New unique counter `rerunfilecheck' on input line 286.
)
\Hy@SectionHShift=\skip96
)
Package hyperref Info: Option `unicode' set `true' on input line 1463.
 (C:\Users\fabia\AppData\Local\Programs\MiKTeX\tex/generic/stringenc\stringenc.sty
Package: stringenc 2019/11/29 v1.12 Convert strings between diff. encodings (HO)
)
Package hyperref Info: Option `psdextra' set `true' on input line 1465.
 (C:\Users\fabia\AppData\Local\Programs\MiKTeX\tex/latex/hyperref\puenc-greekbasic.def
File: puenc-greekbasic.def 2021-06-07 v7.00m Hyperref: PDF Unicode definition (greek block) (HO)
) (C:\Users\fabia\AppData\Local\Programs\MiKTeX\tex/latex/hyperref\psdextra.def
File: psdextra.def 2021-06-07 v7.00m Hyperref: Additions to PDF string support
) (C:\Users\fabia\AppData\Local\Programs\MiKTeX\tex/generic/colorprofiles\colorprofiles.sty
Package: colorprofiles 2018/11/01 v1.0.1 color profiles for PDF/X and PDF/A support
 (C:\Users\fabia\AppData\Local\Programs\MiKTeX\tex/generic/colorprofiles\colorprofiles.tex)) (C:\Users\fabia\AppData\Local\Programs\MiKTeX\tex/generic/stringenc\se-pdfdoc.def
File: se-pdfdoc.def 2019/11/29 v1.12 stringenc: PDFDocEncoding
) (C:\Users\fabia\AppData\Local\Programs\MiKTeX\tex/latex/pdfx\AdobeColorProfiles.tex) (C:\Users\fabia\AppData\Local\Programs\MiKTeX\tex/latex/pdfx\8bit.def
File: 8bit.def 2008/03/30 v1.1d Input encoding file
)
** pdfx: Metadata file thesis.xmpdata read successfully.
(thesis.xmpdata)<<sRGB.icc>> (C:\Users\fabia\AppData\Local\Programs\MiKTeX\tex/latex/pdfx\8bit.def
File: 8bit.def 2008/03/30 v1.1d Input encoding file
) (C:\Users\fabia\AppData\Local\Programs\MiKTeX\tex/latex/pdfx\8bit.def
File: 8bit.def 2008/03/30 v1.1d Input encoding file
) (C:\Users\fabia\AppData\Local\Programs\MiKTeX\tex/generic/stringenc\se-utf8.def
File: se-utf8.def 2019/11/29 v1.12 stringenc: UTF-8
)
Package hyperref Info: Option `unicode' set `true' on input line 2411.
Package hyperref Info: Option `unicode' set `true' on input line 2412.
 (C:\Users\fabia\AppData\Local\Programs\MiKTeX\tex/latex/pdfx\8bit.def
File: 8bit.def 2008/03/30 v1.1d Input encoding file
) (C:\Users\fabia\AppData\Local\Programs\MiKTeX\tex/latex/pdfx\8bit.def
File: 8bit.def 2008/03/30 v1.1d Input encoding file
) (C:\Users\fabia\AppData\Local\Programs\MiKTeX\tex/generic/pdftex\glyphtounicode.tex) (C:\Users\fabia\AppData\Local\Programs\MiKTeX\tex/latex/pdfx\glyphtounicode-cmr.tex) (C:\Users\fabia\AppData\Local\Programs\MiKTeX\tex/latex/pdfx\glyphtounicode-ntx.tex) (C:\Users\fabia\AppData\Local\Programs\MiKTeX\tex/latex/xmpincl\xmpincl.sty
Package: xmpincl 2021/09/22 v2.4 Include XMP data in pdflatex
) (C:\Users\fabia\AppData\Local\Programs\MiKTeX\tex/latex/pdfx\8bit.def
File: 8bit.def 2008/03/30 v1.1d Input encoding file
)
Using XMP template file: pdfa.xmp
\xmpinclWrite=\write3
\xmpinclRead=\read3
\openout3 = `pdfa.xmpi'.

<<pdfa.xmpi>>)

Package hyperref Warning: Option `pdfa' has already been used,
(hyperref)                setting the option has no effect on input line 142.

(C:\Users\fabia\AppData\Local\Programs\MiKTeX\tex/latex/glossaries/base\glossaries.sty
Package: glossaries 2021/11/01 v4.49 (NLCT)
 (C:\Users\fabia\AppData\Local\Programs\MiKTeX\tex/latex/xkeyval\xkeyval.sty
Package: xkeyval 2020/11/20 v2.8 package option processing (HA)
 (C:\Users\fabia\AppData\Local\Programs\MiKTeX\tex/generic/xkeyval\xkeyval.tex (C:\Users\fabia\AppData\Local\Programs\MiKTeX\tex/generic/xkeyval\xkvutils.tex
\XKV@toks=\toks39
\XKV@tempa@toks=\toks40
)
\XKV@depth=\count345
File: xkeyval.tex 2014/12/03 v2.7a key=value parser (HA)
)) (C:\Users\fabia\AppData\Local\Programs\MiKTeX\tex/latex/mfirstuc\mfirstuc.sty
Package: mfirstuc 2021/10/15 v2.07 (NLCT)
\@glsmfirst=\toks41
\@glsmrest=\toks42
) (C:\Users\fabia\AppData\Local\Programs\MiKTeX\tex/latex/textcase\textcase.sty
Package: textcase 2019/09/14 v1.00 Text only upper/lower case changing (DPC)
) (C:\Users\fabia\AppData\Local\Programs\MiKTeX\tex/latex/xfor\xfor.sty
Package: xfor 2009/02/05 v1.05 (NLCT)
) (C:\Users\fabia\AppData\Local\Programs\MiKTeX\tex/latex/datatool\datatool-base.sty
Package: datatool-base 2019/09/27 v2.32 (NLCT)
 (C:\Users\fabia\AppData\Local\Programs\MiKTeX\tex/latex/substr\substr.sty
Package: substr 2009/10/20 v1.2 Handle substrings
\c@su@anzahl=\count346
) (C:\Users\fabia\AppData\Local\Programs\MiKTeX\tex/latex/datatool\datatool-fp.sty
Package: datatool-fp 2019/09/27 v2.32 (NLCT)
 (C:\Users\fabia\AppData\Local\Programs\MiKTeX\tex/latex/fp\fp.sty
Package: fp 1995/04/02
 `Fixed Point Package', Version 0.8, April 2, 1995 (C) Michael Mehlich (C:\Users\fabia\AppData\Local\Programs\MiKTeX\tex/latex/fp\defpattern.sty
Package: defpattern 1994/10/12
\actioncount=\count347
) (C:\Users\fabia\AppData\Local\Programs\MiKTeX\tex/latex/fp\fp-basic.sty
Package: fp-basic 1996/05/13
\FP@xs=\count348
\FP@xia=\count349
\FP@xib=\count350
\FP@xfa=\count351
\FP@xfb=\count352
\FP@rega=\count353
\FP@regb=\count354
\FP@regs=\count355
\FP@times=\count356
) (C:\Users\fabia\AppData\Local\Programs\MiKTeX\tex/latex/fp\fp-addons.sty
Package: fp-addons 1995/03/15
) (C:\Users\fabia\AppData\Local\Programs\MiKTeX\tex/latex/fp\fp-snap.sty
Package: fp-snap 1995/04/05
) (C:\Users\fabia\AppData\Local\Programs\MiKTeX\tex/latex/fp\fp-exp.sty
Package: fp-exp 1995/04/03
) (C:\Users\fabia\AppData\Local\Programs\MiKTeX\tex/latex/fp\fp-trigo.sty
Package: fp-trigo 1995/04/14
) (C:\Users\fabia\AppData\Local\Programs\MiKTeX\tex/latex/fp\fp-pas.sty
Package: fp-pas 1994/08/29
) (C:\Users\fabia\AppData\Local\Programs\MiKTeX\tex/latex/fp\fp-random.sty
Package: fp-random 1995/02/23
\FPseed=\count357
) (C:\Users\fabia\AppData\Local\Programs\MiKTeX\tex/latex/fp\fp-eqn.sty
Package: fp-eqn 1995/04/03
) (C:\Users\fabia\AppData\Local\Programs\MiKTeX\tex/latex/fp\fp-upn.sty
Package: fp-upn 1996/10/21
) (C:\Users\fabia\AppData\Local\Programs\MiKTeX\tex/latex/fp\fp-eval.sty
Package: fp-eval 1995/04/03
)))
\@dtl@toks=\toks43
\@dtl@tmpcount=\count358
\dtl@tmplength=\skip97
\dtl@sortresult=\count359
\@dtl@numgrpsepcount=\count360
\@dtl@datatype=\count361
\dtl@codeA=\count362
\dtl@codeB=\count363
\@dtl@foreach@level=\count364
) (C:\Users\fabia\AppData\Local\Programs\MiKTeX\tex/latex/glossaries/base\glossaries-compatible-307.sty
Package: glossaries-compatible-307 2021/11/01 v4.49 (NLCT)
) (C:\Users\fabia\AppData\Local\Programs\MiKTeX\tex/latex/tracklang\tracklang.sty
Package: tracklang 2020/06/30 v1.5 (NLCT) Track Languages
 (C:\Users\fabia\AppData\Local\Programs\MiKTeX\tex/generic/tracklang\tracklang.tex)) (C:\Users\fabia\AppData\Local\Programs\MiKTeX\tex/latex/translator\translator.sty
Package: translator 2021-05-31 v1.12d Easy translation of strings in LaTeX
) (C:\Users\fabia\AppData\Local\Programs\MiKTeX\tex/latex/glossaries-german\glossaries-german.ldf
File: glossaries-german.ldf 2014/11/23 v1.0
)
\gls@level=\count365
\@gls@tmpb=\toks44
\gls@tmplen=\skip98
\glskeylisttok=\toks45
\glslabeltok=\toks46
\glsshorttok=\toks47
\glslongtok=\toks48
 (C:\Users\fabia\AppData\Local\Programs\MiKTeX\tex/latex/glossaries/styles\glossary-hypernav.sty
Package: glossary-hypernav 2021/11/01 v4.49 (NLCT)
) (C:\Users\fabia\AppData\Local\Programs\MiKTeX\tex/latex/glossaries/styles\glossary-list.sty
Package: glossary-list 2021/11/01 v4.49 (NLCT)
\glslistdottedwidth=\skip99
) (C:\Users\fabia\AppData\Local\Programs\MiKTeX\tex/latex/glossaries/styles\glossary-long.sty
Package: glossary-long 2021/11/01 v4.49 (NLCT)
 (C:\Users\fabia\AppData\Local\Programs\MiKTeX\tex/latex/tools\longtable.sty
Package: longtable 2021-09-01 v4.17 Multi-page Table package (DPC)
\LTleft=\skip100
\LTright=\skip101
\LTpre=\skip102
\LTpost=\skip103
\LTchunksize=\count366
\LTcapwidth=\dimen274
\LT@head=\box111
\LT@firsthead=\box112
\LT@foot=\box113
\LT@lastfoot=\box114
\LT@gbox=\box115
\LT@cols=\count367
\LT@rows=\count368
\c@LT@tables=\count369
\c@LT@chunks=\count370
\LT@p@ftn=\toks49
)
Class scrreprt Info: longtable captions redefined on input line 43.
\glsdescwidth=\skip104
\glspagelistwidth=\skip105
) (C:\Users\fabia\AppData\Local\Programs\MiKTeX\tex/latex/glossaries/styles\glossary-super.sty
Package: glossary-super 2021/11/01 v4.49 (NLCT)
 (C:\Users\fabia\AppData\Local\Programs\MiKTeX\tex/latex/supertabular\supertabular.sty
Package: supertabular 2020/02/02 v4.1g the supertabular environment
\c@tracingst=\count371
\ST@wd=\dimen275
\ST@rightskip=\skip106
\ST@leftskip=\skip107
\ST@parfillskip=\skip108
\ST@pageleft=\dimen276
\ST@headht=\dimen277
\ST@tailht=\dimen278
\ST@pagesofar=\dimen279
\ST@pboxht=\dimen280
\ST@lineht=\dimen281
\ST@prevht=\dimen282
\ST@toadd=\dimen283
\ST@dimen=\dimen284
\ST@pbox=\box116
)) (C:\Users\fabia\AppData\Local\Programs\MiKTeX\tex/latex/glossaries/styles\glossary-tree.sty
Package: glossary-tree 2021/11/01 v4.49 (NLCT)
\glstreeindent=\skip109
)) (C:\Users\fabia\AppData\Local\Programs\MiKTeX\tex/latex/chngcntr\chngcntr.sty
Package: chngcntr 2018/04/09 v1.1a change counter resetting
Package chngcntr Info: \counterwithout already defined.
(chngcntr)             Quitting chngcntr on input line 21.
)
\c@RPages=\count372
)
\@indexfile=\write4
\openout4 = `thesis.idx'.


Writing index file thesis.idx
\glswrite=\write5
\glo@main@file=\write6
\openout6 = `thesis.glo'.

Package glossaries Info: Writing glossary file thesis.glo on input line 21.
LaTeX Font Info:    Trying to load font information for T1+lmr on input line 22.
(C:\Users\fabia\AppData\Local\Programs\MiKTeX\tex/latex/lm\t1lmr.fd
File: t1lmr.fd 2009/10/30 v1.6 Font defs for Latin Modern
) (thesis.aux)
\openout1 = `thesis.aux'.

LaTeX Font Info:    Checking defaults for OML/cmm/m/it on input line 22.
LaTeX Font Info:    ... okay on input line 22.
LaTeX Font Info:    Checking defaults for OMS/cmsy/m/n on input line 22.
LaTeX Font Info:    ... okay on input line 22.
LaTeX Font Info:    Checking defaults for OT1/cmr/m/n on input line 22.
LaTeX Font Info:    ... okay on input line 22.
LaTeX Font Info:    Checking defaults for T1/cmr/m/n on input line 22.
LaTeX Font Info:    ... okay on input line 22.
LaTeX Font Info:    Checking defaults for TS1/cmr/m/n on input line 22.
LaTeX Font Info:    ... okay on input line 22.
LaTeX Font Info:    Checking defaults for OMX/cmex/m/n on input line 22.
LaTeX Font Info:    ... okay on input line 22.
LaTeX Font Info:    Checking defaults for U/cmr/m/n on input line 22.
LaTeX Font Info:    ... okay on input line 22.
LaTeX Font Info:    Checking defaults for PD1/pdf/m/n on input line 22.
LaTeX Font Info:    ... okay on input line 22.
LaTeX Font Info:    Checking defaults for PU/pdf/m/n on input line 22.
LaTeX Font Info:    ... okay on input line 22.
 (C:\Users\fabia\AppData\Local\Programs\MiKTeX\tex/context/base/mkii\supp-pdf.mkii
[Loading MPS to PDF converter (version 2006.09.02).]
\scratchcounter=\count373
\scratchdimen=\dimen285
\scratchbox=\box117
\nofMPsegments=\count374
\nofMParguments=\count375
\everyMPshowfont=\toks50
\MPscratchCnt=\count376
\MPscratchDim=\dimen286
\MPnumerator=\count377
\makeMPintoPDFobject=\count378
\everyMPtoPDFconversion=\toks51
) (C:\Users\fabia\AppData\Local\Programs\MiKTeX\tex/latex/epstopdf-pkg\epstopdf-base.sty
Package: epstopdf-base 2020-01-24 v2.11 Base part for package epstopdf
Package epstopdf-base Info: Redefining graphics rule for `.eps' on input line 485.
 (C:\Users\fabia\AppData\Local\Programs\MiKTeX\tex/latex/00miktex\epstopdf-sys.cfg
File: epstopdf-sys.cfg 2021/03/18 v2.0 Configuration of epstopdf for MiKTeX
))
*geometry* driver: auto-detecting
*geometry* detected driver: pdftex
*geometry* verbose mode - [ preamble ] result:
* driver: pdftex
* paper: a4paper
* layout: <same size as paper>
* layoutoffset:(h,v)=(0.0pt,0.0pt)
* modes: 
* h-part:(L,W,R)=(99.58464pt, 441.01773pt, 56.9055pt)
* v-part:(T,H,B)=(56.9055pt, 731.23584pt, 56.9055pt)
* \paperwidth=597.50787pt
* \paperheight=845.04684pt
* \textwidth=441.01773pt
* \textheight=731.23584pt
* \oddsidemargin=27.31465pt
* \evensidemargin=27.31465pt
* \topmargin=-55.23949pt
* \headheight=18.125pt
* \headsep=21.75pt
* \topskip=12.0pt
* \footskip=28.45274pt
* \marginparwidth=49.79233pt
* \marginparsep=12.8401pt
* \columnsep=10.0pt
* \skip\footins=10.8pt plus 4.0pt minus 2.0pt
* \hoffset=0.0pt
* \voffset=0.0pt
* \mag=1000
* \@twocolumnfalse
* \@twosidefalse
* \@mparswitchfalse
* \@reversemarginfalse
* (1in=72.27pt=25.4mm, 1cm=28.453pt)

(C:\Users\fabia\AppData\Local\Programs\MiKTeX\tex/latex/pdflscape\pdflscape.sty
Package: pdflscape 2019/12/05 v0.12 Display of landscape pages in PDF (HO)
 (C:\Users\fabia\AppData\Local\Programs\MiKTeX\tex/latex/graphics\lscape.sty
Package: lscape 2020/05/28 v3.02 Landscape Pages (DPC)
)
Package pdflscape Info: Auto-detected driver: pdftex on input line 81.
)
Package caption Info: Begin \AtBeginDocument code.
Package caption Info: subfig package v1.3 is loaded.
Package caption Info: float package is loaded.
Package caption Info: hyperref package is loaded.
Package caption Info: listings package is loaded.
Package caption Info: longtable package is loaded.
 (C:\Users\fabia\AppData\Local\Programs\MiKTeX\tex/latex/caption\ltcaption.sty
Package: ltcaption 2021/01/08 v1.4c longtable captions (AR)
)
Package caption Info: supertabular package is loaded.
Package caption Info: wrapfig package is loaded.
Package caption Info: End \AtBeginDocument code.
LaTeX Info: Redefining \microtypecontext on input line 22.
Package microtype Info: Applying patch `item' on input line 22.
Package microtype Info: Applying patch `toc' on input line 22.
Package microtype Info: Applying patch `eqnum' on input line 22.
Package microtype Info: Applying patch `footnote' on input line 22.
Package microtype Info: Generating PDF output.
Package microtype Info: Character protrusion enabled (level 2).
Package microtype Info: Using default protrusion set `alltext'.
Package microtype Info: Automatic font expansion enabled (level 2),
(microtype)             stretch: 20, shrink: 20, step: 1, non-selected.
Package microtype Info: Using default expansion set `alltext-nott'.
LaTeX Info: Redefining \showhyphens on input line 22.
Package microtype Info: No adjustment of tracking.
Package microtype Info: No adjustment of interword spacing.
Package microtype Info: No adjustment of character kerning.
 (C:\Users\fabia\AppData\Local\Programs\MiKTeX\tex/latex/microtype\mt-cmr.cfg
File: mt-cmr.cfg 2013/05/19 v2.2 microtype config. file: Computer Modern Roman (RS)
)
\c@lstlisting=\count379
Package hyperref Info: Link coloring OFF on input line 22.
 (C:\Users\fabia\AppData\Local\Programs\MiKTeX\tex/latex/hyperref\nameref.sty
Package: nameref 2021-04-02 v2.47 Cross-referencing by name of section
 (C:\Users\fabia\AppData\Local\Programs\MiKTeX\tex/latex/refcount\refcount.sty
Package: refcount 2019/12/15 v3.6 Data extraction from label references (HO)
) (C:\Users\fabia\AppData\Local\Programs\MiKTeX\tex/generic/gettitlestring\gettitlestring.sty
Package: gettitlestring 2019/12/15 v1.6 Cleanup title references (HO)
)
\c@section@level=\count380
)
LaTeX Info: Redefining \ref on input line 22.
LaTeX Info: Redefining \pageref on input line 22.
LaTeX Info: Redefining \nameref on input line 22.
 (thesis.out) (thesis.out)
\@outlinefile=\write7
\openout7 = `thesis.out'.

Class scrreprt Info: loading recommended package `bookmark'.
(scrreprt)           Using `bookmark' together with `hyperref' is recommended,
(scrreprt)           because of handling of possible bookmark level gaps.
(scrreprt)           You can avoid loading `bookmark' with KOMA-Script option
(scrreprt)           `bookmarkpackage=false' before \begin{document} and
(scrreprt)           you can avoid this message adding:
(scrreprt)             \usepackage{bookmark}
(scrreprt)           before \begin{document} on input line 22.
 (C:\Users\fabia\AppData\Local\Programs\MiKTeX\tex/latex/bookmark\bookmark.sty
Package: bookmark 2020-11-06 v1.29 PDF bookmarks (HO)
 (C:\Users\fabia\AppData\Local\Programs\MiKTeX\tex/latex/bookmark\bkm-pdftex.def
File: bkm-pdftex.def 2020-11-06 v1.29 bookmark driver for pdfTeX (HO)
\BKM@id=\count381
)) (thesis.glsdefs)
<./titlepage/coversheet.pdf, id=6, 597.50829pt x 845.0471pt>
File: ./titlepage/coversheet.pdf Graphic file (type pdf)
<use ./titlepage/coversheet.pdf>
Package pdftex.def Info: ./titlepage/coversheet.pdf  used on input line 32.
(pdftex.def)             Requested size: 597.50682pt x 845.04504pt.
File: ./titlepage/coversheet.pdf Graphic file (type pdf)
<use ./titlepage/coversheet.pdf>
Package pdftex.def Info: ./titlepage/coversheet.pdf  used on input line 32.
(pdftex.def)             Requested size: 597.50682pt x 845.04504pt.
<./titlepage/coversheet.pdf, id=9, page=1, 597.50829pt x 845.0471pt>
File: ./titlepage/coversheet.pdf Graphic file (type pdf)
<use ./titlepage/coversheet.pdf, page 1>
Package pdftex.def Info: ./titlepage/coversheet.pdf , page1 used on input line 32.
(pdftex.def)             Requested size: 597.50682pt x 845.04504pt.
File: ./titlepage/coversheet.pdf Graphic file (type pdf)
<use ./titlepage/coversheet.pdf, page 1>
Package pdftex.def Info: ./titlepage/coversheet.pdf , page1 used on input line 32.
(pdftex.def)             Requested size: 597.53416pt x 845.08372pt.
File: ./titlepage/coversheet.pdf Graphic file (type pdf)
<use ./titlepage/coversheet.pdf, page 1>
Package pdftex.def Info: ./titlepage/coversheet.pdf , page1 used on input line 32.
(pdftex.def)             Requested size: 597.53416pt x 845.08372pt.
File: ./titlepage/coversheet.pdf Graphic file (type pdf)
<use ./titlepage/coversheet.pdf, page 1>
Package pdftex.def Info: ./titlepage/coversheet.pdf , page1 used on input line 32.
(pdftex.def)             Requested size: 597.53416pt x 845.08372pt.
File: ./titlepage/coversheet.pdf Graphic file (type pdf)
<use ./titlepage/coversheet.pdf, page 1>
Package pdftex.def Info: ./titlepage/coversheet.pdf , page1 used on input line 32.
(pdftex.def)             Requested size: 597.53416pt x 845.08372pt.
 [1

\openout5 = `thesis.ist'.

 <./titlepage/coversheet.pdf>] (oath.tex
Underfull \hbox (badness 10000) in paragraph at lines 3--5

 []

[1]) (sections/zusammenfassung.tex
LaTeX Font Info:    Trying to load font information for T1+lmss on input line 2.
 (C:\Users\fabia\AppData\Local\Programs\MiKTeX\tex/latex/lm\t1lmss.fd
File: t1lmss.fd 2009/10/30 v1.6 Font defs for Latin Modern
)
Package microtype Info: Loading generic protrusion settings for font family
(microtype)             `lmss' (encoding: T1).
(microtype)             For optimal results, create family-specific settings.
(microtype)             See the microtype manual for details.
<pics/graphwok.PNG, id=48, 1129.21875pt x 487.22025pt>
File: pics/graphwok.PNG Graphic file (type png)
<use pics/graphwok.PNG>
Package pdftex.def Info: pics/graphwok.PNG  used on input line 17.
(pdftex.def)             Requested size: 352.81552pt x 152.22621pt.
LaTeX Font Info:    Trying to load font information for OT1+lmr on input line 19.
 (C:\Users\fabia\AppData\Local\Programs\MiKTeX\tex/latex/lm\ot1lmr.fd
File: ot1lmr.fd 2009/10/30 v1.6 Font defs for Latin Modern
)
LaTeX Font Info:    Trying to load font information for OML+lmm on input line 19.
 (C:\Users\fabia\AppData\Local\Programs\MiKTeX\tex/latex/lm\omllmm.fd
File: omllmm.fd 2009/10/30 v1.6 Font defs for Latin Modern
)
LaTeX Font Info:    Trying to load font information for OMS+lmsy on input line 19.
 (C:\Users\fabia\AppData\Local\Programs\MiKTeX\tex/latex/lm\omslmsy.fd
File: omslmsy.fd 2009/10/30 v1.6 Font defs for Latin Modern
)
LaTeX Font Info:    Trying to load font information for OMX+lmex on input line 19.
 (C:\Users\fabia\AppData\Local\Programs\MiKTeX\tex/latex/lm\omxlmex.fd
File: omxlmex.fd 2009/10/30 v1.6 Font defs for Latin Modern
)
LaTeX Font Info:    External font `lmex10' loaded for size
(Font)              <12> on input line 19.
LaTeX Font Info:    External font `lmex10' loaded for size
(Font)              <8> on input line 19.
LaTeX Font Info:    External font `lmex10' loaded for size
(Font)              <6> on input line 19.
LaTeX Font Info:    Trying to load font information for U+msa on input line 19.
 (C:\Users\fabia\AppData\Local\Programs\MiKTeX\tex/latex/amsfonts\umsa.fd
File: umsa.fd 2013/01/14 v3.01 AMS symbols A
) (C:\Users\fabia\AppData\Local\Programs\MiKTeX\tex/latex/microtype\mt-msa.cfg
File: mt-msa.cfg 2006/02/04 v1.1 microtype config. file: AMS symbols (a) (RS)
)
LaTeX Font Info:    Trying to load font information for U+msb on input line 19.
 (C:\Users\fabia\AppData\Local\Programs\MiKTeX\tex/latex/amsfonts\umsb.fd
File: umsb.fd 2013/01/14 v3.01 AMS symbols B
) (C:\Users\fabia\AppData\Local\Programs\MiKTeX\tex/latex/microtype\mt-msb.cfg
File: mt-msb.cfg 2005/06/01 v1.0 microtype config. file: AMS symbols (b) (RS)
)

Package scrlayer-scrpage Warning: \headheight to low.
(scrlayer-scrpage)                At least 20.77846pt needed,
(scrlayer-scrpage)                but only 18.125pt found.
(scrlayer-scrpage)                I'll enlarge \headheight, for further
(scrlayer-scrpage)                processing, but you should do this yourself,
(scrlayer-scrpage)                e.g., setting geometry's option
(scrlayer-scrpage)                `head=20.77846pt'.
(scrlayer-scrpage)                I'll also decrease \topmargin on input line 19.


Overfull \vbox (2.65346pt too high) has occurred while \output is active []



Package scrlayer-scrpage Warning: \footheight to low.
(scrlayer-scrpage)                At least 20.77846pt needed,
(scrlayer-scrpage)                but only 18.125pt found.
(scrlayer-scrpage)                I'll enlarge \footheight, for further
(scrlayer-scrpage)                processing, but you should do this yourself,
(scrlayer-scrpage)                e.g., using
(scrlayer-scrpage)                  \setlength{\footheight}{20.77846pt}
(scrlayer-scrpage)                in your preamble.
(scrlayer-scrpage)                I'll also increase \footskip on input line 19.


pdfTeX warning (ext4): destination with the same identifier (name{page.I}) has been already used, duplicate ignored
<to be read again> 
                   \relax 
l.19 \newpage
              [1

 <./pics/graphwok.PNG>]
File: pics/graphwok.PNG Graphic file (type png)
<use pics/graphwok.PNG>
Package pdftex.def Info: pics/graphwok.PNG  used on input line 36.
(pdftex.def)             Requested size: 352.81552pt x 152.22621pt.
) [2

]
Package tocbasic Info: character protrusion at toc deactivated on input line 42.
 (thesis.toc
Overfull \hbox (3.22041pt too wide) detected at line 65
 []\T1/lmss/bx/n/12 VIII
 []

)
\tf@toc=\write8
\openout8 = `thesis.toc'.

 [3

]
chapter 1.
(sections/einleitung.tex)
pdfTeX warning (ext4): destination with the same identifier (name{page.1}) has been already used, duplicate ignored
<to be read again> 
                   \relax 
l.55 \chapter
             {Pflichtenheft}\label{chapter:ist} [1

]
chapter 2.
(sections/ist-situation.tex
<pics/diplomand_anforderungen.png, id=129, 406.91151pt x 175.96175pt>
File: pics/diplomand_anforderungen.png Graphic file (type png)
<use pics/diplomand_anforderungen.png>
Package pdftex.def Info: pics/diplomand_anforderungen.png  used on input line 15.
(pdftex.def)             Requested size: 406.9105pt x 175.9613pt.
LaTeX Font Info:    Trying to load font information for TS1+lmr on input line 21.
 (C:\Users\fabia\AppData\Local\Programs\MiKTeX\tex/latex/lm\ts1lmr.fd
File: ts1lmr.fd 2009/10/30 v1.6 Font defs for Latin Modern
) [2

 <./pics/diplomand_anforderungen.png>]
<pics/asuqz_anforderungen.png, id=138, 376.40625pt x 285.065pt>
File: pics/asuqz_anforderungen.png Graphic file (type png)
<use pics/asuqz_anforderungen.png>
Package pdftex.def Info: pics/asuqz_anforderungen.png  used on input line 31.
(pdftex.def)             Requested size: 376.40532pt x 285.0643pt.
 [3 <./pics/asuqz_anforderungen.png (PNG copy)>]
<pics/choosefile.png, id=148, 435.42674pt x 151.16475pt>
File: pics/choosefile.png Graphic file (type png)
<use pics/choosefile.png>
Package pdftex.def Info: pics/choosefile.png  used on input line 61.
(pdftex.def)             Requested size: 435.42567pt x 151.16437pt.
<pics/graph.PNG, id=150, 1149.69525pt x 617.9085pt>
File: pics/graph.PNG Graphic file (type png)
<use pics/graph.PNG>
Package pdftex.def Info: pics/graph.PNG  used on input line 70.
(pdftex.def)             Requested size: 352.81552pt x 189.6168pt.


LaTeX Warning: `h' float specifier changed to `ht'.

<pics/evaluation.png, id=152, 861.2175pt x 483.0045pt>
File: pics/evaluation.png Graphic file (type png)
<use pics/evaluation.png>
Package pdftex.def Info: pics/evaluation.png  used on input line 78.
(pdftex.def)             Requested size: 352.81552pt x 197.87834pt.
) [4 <./pics/choosefile.png>] [5 <./pics/graph.PNG> <./pics/evaluation.png>]
chapter 3.
(sections/technologien-frontend.tex
<pics/AngularReactVue.png, id=169, 1003.75pt x 411.5375pt>
File: pics/AngularReactVue.png Graphic file (type png)
<use pics/AngularReactVue.png>
Package pdftex.def Info: pics/AngularReactVue.png  used on input line 6.
(pdftex.def)             Requested size: 352.81552pt x 144.65567pt.
 [6

 <./pics/AngularReactVue.png>] [7]
<pics/angular-platform-overview.png, id=201, 1383.1675pt x 497.86pt>
File: pics/angular-platform-overview.png Graphic file (type png)
<use pics/angular-platform-overview.png>
Package pdftex.def Info: pics/angular-platform-overview.png  used on input line 77.
(pdftex.def)             Requested size: 352.81552pt x 126.9868pt.
LaTeX Font Info:    Trying to load font information for T1+lmtt on input line 88.
 (C:\Users\fabia\AppData\Local\Programs\MiKTeX\tex/latex/lm\t1lmtt.fd
File: t1lmtt.fd 2009/10/30 v1.6 Font defs for Latin Modern
)
Package microtype Info: Loading generic protrusion settings for font family
(microtype)             `lmtt' (encoding: T1).
(microtype)             For optimal results, create family-specific settings.
(microtype)             See the microtype manual for details.
 [8 <./pics/angular-platform-overview.png>]
<pics/angular-component.jpg, id=214, 451.6875pt x 143.03438pt>
File: pics/angular-component.jpg Graphic file (type jpg)
<use pics/angular-component.jpg>
Package pdftex.def Info: pics/angular-component.jpg  used on input line 97.
(pdftex.def)             Requested size: 352.81552pt x 111.73222pt.
 [9 <./pics/angular-component.jpg>] [10]) [11]
chapter 4.
(sections/umsetzung-frontend.tex
Overfull \hbox (6.0pt too wide) in paragraph at lines 8--8
[][][][][][][][] 
 []

LaTeX Font Info:    Font shape `T1/lmtt/bx/n' in size <11> not available
(Font)              Font shape `T1/lmtt/b/n' tried instead on input line 9.

Overfull \hbox (6.0pt too wide) in paragraph at lines 21--21
[][][][][][][][] 
 []

[12

]
Overfull \hbox (6.0pt too wide) in paragraph at lines 39--39
[][][][][][][][] 
 []


Overfull \hbox (6.0pt too wide) in paragraph at lines 58--58
[][][][][][][][] 
 []

[13]
Overfull \hbox (6.0pt too wide) in paragraph at lines 76--76
[][][][][][][][] 
 []

(C:\Users\fabia\AppData\Local\Programs\MiKTeX\tex/latex/listings\lstlang1.sty
File: lstlang1.sty 2020/03/24 1.8d listings language file
) (C:\Users\fabia\AppData\Local\Programs\MiKTeX\tex/latex/listings\lstmisc.sty
File: lstmisc.sty 2020/03/24 1.8d (Carsten Heinz)
)
Overfull \hbox (6.0pt too wide) in paragraph at lines 105--105
[][][][][][][][] 
 []

<pics/filexplorer.PNG, id=304, 566.71725pt x 355.3275pt>
File: pics/filexplorer.PNG Graphic file (type png)
<use pics/filexplorer.PNG>
Package pdftex.def Info: pics/filexplorer.PNG  used on input line 113.
(pdftex.def)             Requested size: 352.81552pt x 221.22247pt.
[14]
Overfull \hbox (6.0pt too wide) in paragraph at lines 131--131
[][][][][][][][] 
 []


Overfull \hbox (51.0846pt too wide) in paragraph at lines 133--134
[][][][][][][][][][][][][][][][][][][][][][][][][][][][][][]  
 []


Overfull \hbox (23.9143pt too wide) in paragraph at lines 135--136
[][][][][][][][][][][][][][][][][][][][][][][][][][][][][][]  
 []


Overfull \hbox (37.49945pt too wide) in paragraph at lines 136--137
[][][][][][][][][][][][][][][][][][][][][][][][][][][][][][]  
 []

[15 <./pics/filexplorer.PNG>]
Overfull \hbox (37.49945pt too wide) in paragraph at lines 137--138
[][][][][][][][][][][][][][][][][][][][][][][][][][][][][][]  
 []


Overfull \hbox (6.0pt too wide) in paragraph at lines 144--144
[][][][][][][][] 
 []


Overfull \hbox (3.9143pt too wide) in paragraph at lines 151--152
[][][][][][][][][][][][][][][][][][][][][][][][][][][][][][][][][][][][][][][] 
 []


Overfull \hbox (6.0pt too wide) in paragraph at lines 164--164
[][][][][][][][] 
 []


Overfull \hbox (7.26135pt too wide) in paragraph at lines 171--174
[]\T1/lmr/m/n/12 (-20) Die Wei-ter-lei-tung auf die Vi-sua-li-sie-rungs-kom-po-nen-te wird ber ein Switch-Case-Statement
 []


Overfull \hbox (6.0pt too wide) in paragraph at lines 175--175
[][][][][][][][] 
 []

[16]
<pics/choosefileausgewhlt.PNG, id=372, 430.0065pt x 194.52675pt>
File: pics/choosefileausgewhlt.PNG Graphic file (type png)
<use pics/choosefileausgewhlt.PNG>
Package pdftex.def Info: pics/choosefileausgewhlt.PNG  used on input line 199.
(pdftex.def)             Requested size: 352.81552pt x 159.60794pt.
 [17 <./pics/choosefileausgewhlt.PNG>]
Overfull \hbox (6.0pt too wide) in paragraph at lines 216--216
[][][][][][][][] 
 []


Overfull \hbox (6.0pt too wide) in paragraph at lines 225--225
[][][][][][][][] 
 []

[18]
Overfull \hbox (6.0pt too wide) in paragraph at lines 255--255
[][][][][][][][] 
 []


Overfull \hbox (6.0pt too wide) in paragraph at lines 273--273
[][][][][][][][] 
 []

[19]
Overfull \hbox (6.0pt too wide) in paragraph at lines 292--292
[][][][][][][][] 
 []


Overfull \hbox (6.0pt too wide) in paragraph at lines 314--314
[][][][][][][][] 
 []

[20]
Overfull \hbox (6.0pt too wide) in paragraph at lines 341--341
[][][][][][][][] 
 []


Overfull \hbox (3.9143pt too wide) in paragraph at lines 347--348
[][][][][][][][][][][][][][][][][][][][][][][][][][][][][][][][][][][][][][][]  
 []


Overfull \hbox (3.9143pt too wide) in paragraph at lines 352--353
[][][][][][][][][][][][][][][][][][][][][][][][][][][][][][]  
 []


Overfull \hbox (3.9143pt too wide) in paragraph at lines 353--354
[][][][][][][][][][][][][][][][][][][][][][][][][][][][][][]  
 []


Overfull \hbox (3.9143pt too wide) in paragraph at lines 362--363
[][][][][][][][][][][][][][][][][][][][][][][][][][][][][][][][][][][][][][][]  
 []

[21]
Overfull \hbox (6.0pt too wide) in paragraph at lines 374--374
[][][][][][][][] 
 []

<pics/graphwk.PNG, id=529, 1097.90175pt x 525.162pt>
File: pics/graphwk.PNG Graphic file (type png)
<use pics/graphwk.PNG>
Package pdftex.def Info: pics/graphwk.PNG  used on input line 405.
(pdftex.def)             Requested size: 352.81552pt x 168.76044pt.
[22]
File: pics/graphwok.PNG Graphic file (type png)
<use pics/graphwok.PNG>
Package pdftex.def Info: pics/graphwok.PNG  used on input line 412.
(pdftex.def)             Requested size: 352.81552pt x 152.22621pt.

Overfull \hbox (6.0pt too wide) in paragraph at lines 422--422
[][][][][][][][] 
 []

[23 <./pics/graphwk.PNG>] [24]
<pics/dropdown.PNG, id=608, 720.89325pt x 66.84975pt>
File: pics/dropdown.PNG Graphic file (type png)
<use pics/dropdown.PNG>
Package pdftex.def Info: pics/dropdown.PNG  used on input line 479.
(pdftex.def)             Requested size: 352.81552pt x 32.71788pt.

Overfull \hbox (7.2954pt too wide) in paragraph at lines 474--482
\T1/lmr/m/n/12 (-20) ber Objekt-Binding in die Kom-po-nen-te ber-tra-gen. Das [][][][][][][][][][][][][][][]
 []


Overfull \hbox (6.0pt too wide) in paragraph at lines 484--484
[][][][][][][][] 
 []


Overfull \hbox (6.0pt too wide) in paragraph at lines 493--493
[][][][][][][][] 
 []

<pics/errors.PNG, id=609, 877.47826pt x 334.851pt>
File: pics/errors.PNG Graphic file (type png)
<use pics/errors.PNG>
Package pdftex.def Info: pics/errors.PNG  used on input line 504.
(pdftex.def)             Requested size: 352.81552pt x 134.6329pt.
[25 <./pics/dropdown.PNG>]
<pics/noerror.PNG, id=629, 833.514pt x 75.28125pt>
File: pics/noerror.PNG Graphic file (type png)
<use pics/noerror.PNG>
Package pdftex.def Info: pics/noerror.PNG  used on input line 510.
(pdftex.def)             Requested size: 352.81552pt x 31.86487pt.

Overfull \hbox (6.0pt too wide) in paragraph at lines 519--519
[][][][][][][][] 
 []


Overfull \hbox (6.0pt too wide) in paragraph at lines 538--538
[][][][][][][][] 
 []

[26 <./pics/errors.PNG> <./pics/noerror.PNG>]
Overfull \hbox (6.0pt too wide) in paragraph at lines 567--567
[][][][][][][][] 
 []

[27]
Overfull \hbox (6.0pt too wide) in paragraph at lines 593--593
[][][][][][][][] 
 []


Overfull \hbox (30.70688pt too wide) in paragraph at lines 595--596
[][][][][][][][][][][][][][][][][][][][][][][][][][][][][][][][][][][]  
 []

[28]
Overfull \hbox (30.70688pt too wide) in paragraph at lines 604--605
[][][][][][][][][][][][][][][][][][][][][][][][][][][][][][][][][][][]  
 []


Overfull \hbox (30.70688pt too wide) in paragraph at lines 614--615
[][][][][][][][][][][][][][][][][][][][][][][][][][][][][][][][][][][]  
 []


Overfull \hbox (30.70688pt too wide) in paragraph at lines 624--625
[][][][][][][][][][][][][][][][][][][][][][][][][][][][][][][][][][][]  
 []


Overfull \hbox (6.0pt too wide) in paragraph at lines 640--640
[][][][][][][][] 
 []

[29] [30]
<pics/sixgraphsnoinit.PNG, id=755, 460.72125pt x 582.978pt>
File: pics/sixgraphsnoinit.PNG Graphic file (type png)
<use pics/sixgraphsnoinit.PNG>
Package pdftex.def Info: pics/sixgraphsnoinit.PNG  used on input line 663.
(pdftex.def)             Requested size: 352.81552pt x 446.43929pt.

Overfull \hbox (6.0pt too wide) in paragraph at lines 671--671
[][][][][][][][] 
 []

[31 <./pics/sixgraphsnoinit.PNG>]
Overfull \hbox (6.0pt too wide) in paragraph at lines 686--686
[][][][][][][][] 
 []


Overfull \hbox (6.0pt too wide) in paragraph at lines 707--707
[][][][][][][][] 
 []

[32]
Overfull \hbox (6.0pt too wide) in paragraph at lines 724--724
[][][][][][][][] 
 []


Overfull \hbox (6.0pt too wide) in paragraph at lines 743--743
[][][][][][][][] 
 []

[33]
Overfull \hbox (6.0pt too wide) in paragraph at lines 760--760
[][][][][][][][] 
 []


Overfull \hbox (6.0pt too wide) in paragraph at lines 784--784
[][][][][][][][] 
 []

[34]) [35]
chapter 5.
(sections/erweiterungen.tex) [36

] (glossary.tex
\@gls@deffile=\write9
\openout9 = `thesis.glsdefs'.

)
No file thesis.gls.
(thesis.bbl [4]
chapter without number
[5

]) [6]
Package tocbasic Info: character protrusion at lof deactivated on input line 86.
 (thesis.lof)
\tf@lof=\write10
\openout10 = `thesis.lof'.



Class scrreprt Warning: \float@listhead detected!
(scrreprt)              Implementation of \float@listhead became
(scrreprt)              deprecated in KOMA-Script v3.01 2008/11/14 and
(scrreprt)              has been replaced by several more flexible
(scrreprt)              features of package `tocbasic`.
(scrreprt)              Maybe implementation of \float@listhead will
(scrreprt)              be removed from KOMA-Script soon.
(scrreprt)              Loading of package `scrhack' may help to
(scrreprt)              avoid this warning, if you are using a
(scrreprt)              a package that still implements the
(scrreprt)              deprecated \float@listhead interface on input line 87.

[7

]
chapter without number
(thesis.lol)
\tf@lol=\write11
\openout11 = `thesis.lol'.



Package caption Warning: Unused \captionsetup[table] on input line 109.
See the caption package documentation for explanation.

[8

] (thesis.aux)
Package rerunfilecheck Info: File `thesis.out' has not changed.
(rerunfilecheck)             Checksum: D41D8CD98F00B204E9800998ECF8427E;0.
 )
(\end occurred inside a group at level 1)

### semi simple group (level 1) entered at line 81 (\begingroup)
### bottom level 
Here is how much of TeX's memory you used:
 35639 strings out of 478584
 658446 string characters out of 2844402
 1507207 words of memory out of 3000000
 52377 multiletter control sequences out of 15000+600000
 515676 words of font info for 123 fonts, out of 8000000 for 9000
 1141 hyphenation exceptions out of 8191
 113i,20n,109p,10675b,3569s stack positions out of 5000i,500n,10000p,200000b,80000s
{C:/Users/fabia/AppData/Local/Programs/MiKTeX/fonts/enc/dvips/lm/lm-ec.enc}{C:/Users/fabia/AppData/Local/Programs/MiKTeX/fonts/enc/dvips/lm/lm-ts1.enc}<C:/Users/fabia/AppData/Local/Programs/MiKTeX/fonts/type1/public/amsfonts/cm/cmss10.pfb><C:/Users/fabia/AppData/Local/Programs/MiKTeX/fonts/type1/public/amsfonts/cm/cmss12.pfb><C:/Users/fabia/AppData/Local/Programs/MiKTeX/fonts/type1/public/amsfonts/cm/cmss17.pfb><C:/Users/fabia/AppData/Local/Programs/MiKTeX/fonts/type1/public/amsfonts/cm/cmssbx10.pfb><C:/Users/fabia/AppData/Local/Programs/MiKTeX/fonts/type1/public/lm/lmr12.pfb><C:/Users/fabia/AppData/Local/Programs/MiKTeX/fonts/type1/public/lm/lmr6.pfb><C:/Users/fabia/AppData/Local/Programs/MiKTeX/fonts/type1/public/lm/lmro12.pfb><C:/Users/fabia/AppData/Local/Programs/MiKTeX/fonts/type1/public/lm/lmssbx10.pfb><C:/Users/fabia/AppData/Local/Programs/MiKTeX/fonts/type1/public/lm/lmtk10.pfb><C:/Users/fabia/AppData/Local/Programs/MiKTeX/fonts/type1/public/lm/lmtt12.pfb>
Output written on thesis.pdf (46 pages, 1328654 bytes).
PDF statistics:
 1237 PDF objects out of 1440 (max. 8388607)
 669 named destinations out of 1000 (max. 500000)
 28465 words of extra memory for PDF output out of 29859 (max. 10000000)

